Removed Pin From Net: NetName=3.3V Pin=C13-1
Removed Pin From Net: NetName=3.3V Pin=C14-1
Removed Pin From Net: NetName=3.3V Pin=C43-1
Removed Pin From Net: NetName=GND Pin=C43-2
Removed Pin From Net: NetName=3.3V Pin=C44-1
Removed Pin From Net: NetName=GND Pin=C44-2
Removed Pin From Net: NetName=3.3V Pin=R3-1
Removed Pin From Net: NetName=SDIO_CMD Pin=R15-2
Removed Pin From Net: NetName=SDIO_D2 Pin=R17-2
Removed Pin From Net: NetName=SDIO_D1 Pin=R18-2
Removed Pin From Net: NetName=3.3V Pin=R19-1
Removed Pin From Net: NetName=SDIO_D0 Pin=R19-2
Removed Pin From Net: NetName=3.3V Pin=U2-1
Removed Pin From Net: NetName=3.3V Pin=U2-8
Removed Pin From Net: NetName=3.3V Pin=U2-20
Removed Pin From Net: NetName=3.3V Pin=U7-1
Removed Pin From Net: NetName=GND Pin=U7-2
Removed Member From Class: ClassName=SDIO_SD_CARD Member=C43
Removed Member From Class: ClassName=SDIO_SD_CARD Member=C44
Removed Member From Class: ClassName=SDIO_SD_CARD Member=R19
Added Component: Designator=LED1(LED SMD 1206)
Add component (AddParameter): Name = "Adding Date"; Value = "1387/12/22"; VariantName = "[No Variations]"
Add component (AddParameter): Name = "Color"; Value = "Red"; VariantName = "[No Variations]"
Add component (AddParameter): Name = "Designer"; Value = "Saeid Jorablo"; VariantName = "[No Variations]"
Add component (AddParameter): Name = "Organazation"; Value = "ControTec"; VariantName = "[No Variations]"
Add component (AddParameter): Name = "Size"; Value = "SMD 1206"; VariantName = "[No Variations]"
Added Component: Designator=LED2(LED SMD 1206)
Add component (AddParameter): Name = "Adding Date"; Value = "1387/12/22"; VariantName = "[No Variations]"
Add component (AddParameter): Name = "Color"; Value = "Red"; VariantName = "[No Variations]"
Add component (AddParameter): Name = "Designer"; Value = "Saeid Jorablo"; VariantName = "[No Variations]"
Add component (AddParameter): Name = "Organazation"; Value = "ControTec"; VariantName = "[No Variations]"
Add component (AddParameter): Name = "Size"; Value = "SMD 1206"; VariantName = "[No Variations]"
Added Component: Designator=R14(RES 0805 (2012X06L))
Add component (AddParameter): Name = "Power"; Value = "1/8 W"; VariantName = "[No Variations]"
Add component (AddParameter): Name = "Tolerance"; Value = "5%"; VariantName = "[No Variations]"
Add component (AddParameter): Name = "Value"; Value = "1K"; VariantName = "[No Variations]"
Added Pin To Net: NetName=3.3V Pin=LED1-1
Added Pin To Net: NetName=GND Pin=LED1-2
Added Pin To Net: NetName=5v Pin=LED2-1
Added Pin To Net: NetName=GND Pin=LED2-2
Added Pin To Net: NetName=3.3V Pin=R14-1
Added Pin To Net: NetName=SDIO_D1 Pin=R14-2
Added Pin To Net: NetName=SDIO_D2 Pin=R15-2
Added Pin To Net: NetName=SDIO_CMD Pin=R17-2
Added Pin To Net: NetName=SDIO_D0 Pin=R18-2
Added Pin To Net: NetName=3.3 Pin=C13-1
Added Pin To Net: NetName=3.3 Pin=C14-1
Added Pin To Net: NetName=3.3 Pin=R3-1
Added Pin To Net: NetName=3.3 Pin=U2-1
Added Pin To Net: NetName=3.3 Pin=U2-8
Added Pin To Net: NetName=3.3 Pin=U2-20
Added Net: Name=3.3
Added Member To Class: ClassName=04_Power_Supply Member=Component LED1 Red
Added Member To Class: ClassName=04_Power_Supply Member=Component LED2 Red
Added Member To Class: ClassName=SDIO_SD_CARD Member=Component R14 1K
Added Rule: Name=Schematic Supply Nets_3
